{"name": "test_AddCustomer", "status": "broken", "statusDetails": {"message": "selenium.common.exceptions.NoSuchElementException: Message: no such element: Unable to locate element: {\"method\":\"xpath\",\"selector\":\"//a[@href='#']//p[contains(text(),'Customers')]\"}\n  (Session info: chrome=121.0.6167.140); For documentation on this error, please visit: https://www.selenium.dev/documentation/webdriver/troubleshooting/errors#no-such-element-exception\nStacktrace:\n\tGetHandleVerifier [0x00007FF776115E42+3538674]\n\t(No symbol) [0x00007FF775D34C02]\n\t(No symbol) [0x00007FF775BE5AEB]\n\t(No symbol) [0x00007FF775C2BF4E]\n\t(No symbol) [0x00007FF775C2C0CC]\n\t(No symbol) [0x00007FF775C6E477]\n\t(No symbol) [0x00007FF775C4F0EF]\n\t(No symbol) [0x00007FF775C6BDE3]\n\t(No symbol) [0x00007FF775C4EE53]\n\t(No symbol) [0x00007FF775C1F514]\n\t(No symbol) [0x00007FF775C20631]\n\tGetHandleVerifier [0x00007FF776146CAD+3738973]\n\tGetHandleVerifier [0x00007FF77619C506+4089270]\n\tGetHandleVerifier [0x00007FF776194823+4057299]\n\tGetHandleVerifier [0x00007FF775E65C49+720121]\n\t(No symbol) [0x00007FF775D4126F]\n\t(No symbol) [0x00007FF775D3C304]\n\t(No symbol) [0x00007FF775D3C432]\n\t(No symbol) [0x00007FF775D2BD04]\n\tBaseThreadInitThunk [0x00007FFB3228257D+29]\n\tRtlUserThreadStart [0x00007FFB334EAA58+40]", "trace": "self = <testCases.test_AddCustomer.Test_AddCutomerClass object at 0x000001DDC6C85450>\nsetup = <selenium.webdriver.chrome.webdriver.WebDriver (session=\"948188d1e21ffbb7eece39e9ed1abc51\")>\n\n    def test_AddCustomer(self,setup):\n        self.log.info(\"Test_case test_AddCustomer is started\")\n        self.driver = setup\n        self.log.info(\"Opening browser and navigating to demo_nop_com\")\n        # #\n        # self.TP = Test_Login()   #assinge variable to Test_Login() class from test_UserLogin.py file\n        # #\n        # self.TP.test_user_login_002(setup)   #call test_user_login_002() method from test_UserLogin.py file\n    \n        self.lp = LoginClass(self.driver)\n        self.log.info(\"Entering Email\")\n        self.lp.Enter_Email(self.Email)\n    \n        self.log.info(\"Entering Password - \")\n        self.lp.Enter_Password(self.Password)\n    \n        self.log.info(\"Click on login button\")\n        self.lp.Click_Login()\n    \n        self.log.info(\"Add Customer is Started\")\n        self.AC = AddCustomerClass(self.driver)\n    \n        self.log.info(\"Click on Customer Menu\")\n>       self.AC.Click_CustomerMenu()\n\ntestCases\\test_AddCustomer.py:43: \n_ _ _ _ _ _ _ _ _ _ _ _ _ _ _ _ _ _ _ _ _ _ _ _ _ _ _ _ _ _ _ _ _ _ _ _ _ _ _ _\npageObjects\\AddCustomerPage.py:30: in Click_CustomerMenu\n    self.driver.find_element(By.XPATH, self.click_Customer_Xpath).click()\nC:\\Users\\dell\\AppData\\Roaming\\Python\\Python311\\site-packages\\selenium\\webdriver\\remote\\webdriver.py:742: in find_element\n    return self.execute(Command.FIND_ELEMENT, {\"using\": by, \"value\": value})[\"value\"]\nC:\\Users\\dell\\AppData\\Roaming\\Python\\Python311\\site-packages\\selenium\\webdriver\\remote\\webdriver.py:348: in execute\n    self.error_handler.check_response(response)\n_ _ _ _ _ _ _ _ _ _ _ _ _ _ _ _ _ _ _ _ _ _ _ _ _ _ _ _ _ _ _ _ _ _ _ _ _ _ _ _\n\nself = <selenium.webdriver.remote.errorhandler.ErrorHandler object at 0x000001DDC6C876D0>\nresponse = {'status': 404, 'value': '{\"value\":{\"error\":\"no such element\",\"message\":\"no such element: Unable to locate element: {\\...07FF775D2BD04]\\\\n\\\\tBaseThreadInitThunk [0x00007FFB3228257D+29]\\\\n\\\\tRtlUserThreadStart [0x00007FFB334EAA58+40]\\\\n\"}}'}\n\n    def check_response(self, response: Dict[str, Any]) -> None:\n        \"\"\"Checks that a JSON response from the WebDriver does not have an\n        error.\n    \n        :Args:\n         - response - The JSON response from the WebDriver server as a dictionary\n           object.\n    \n        :Raises: If the response contains an error message.\n        \"\"\"\n        status = response.get(\"status\", None)\n        if not status or status == ErrorCode.SUCCESS:\n            return\n        value = None\n        message = response.get(\"message\", \"\")\n        screen: str = response.get(\"screen\", \"\")\n        stacktrace = None\n        if isinstance(status, int):\n            value_json = response.get(\"value\", None)\n            if value_json and isinstance(value_json, str):\n                import json\n    \n                try:\n                    value = json.loads(value_json)\n                    if len(value) == 1:\n                        value = value[\"value\"]\n                    status = value.get(\"error\", None)\n                    if not status:\n                        status = value.get(\"status\", ErrorCode.UNKNOWN_ERROR)\n                        message = value.get(\"value\") or value.get(\"message\")\n                        if not isinstance(message, str):\n                            value = message\n                            message = message.get(\"message\")\n                    else:\n                        message = value.get(\"message\", None)\n                except ValueError:\n                    pass\n    \n        exception_class: Type[WebDriverException]\n        e = ErrorCode()\n        error_codes = [item for item in dir(e) if not item.startswith(\"__\")]\n        for error_code in error_codes:\n            error_info = getattr(ErrorCode, error_code)\n            if isinstance(error_info, list) and status in error_info:\n                exception_class = getattr(ExceptionMapping, error_code, WebDriverException)\n                break\n        else:\n            exception_class = WebDriverException\n    \n        if not value:\n            value = response[\"value\"]\n        if isinstance(value, str):\n            raise exception_class(value)\n        if message == \"\" and \"message\" in value:\n            message = value[\"message\"]\n    \n        screen = None  # type: ignore[assignment]\n        if \"screen\" in value:\n            screen = value[\"screen\"]\n    \n        stacktrace = None\n        st_value = value.get(\"stackTrace\") or value.get(\"stacktrace\")\n        if st_value:\n            if isinstance(st_value, str):\n                stacktrace = st_value.split(\"\\n\")\n            else:\n                stacktrace = []\n                try:\n                    for frame in st_value:\n                        line = frame.get(\"lineNumber\", \"\")\n                        file = frame.get(\"fileName\", \"<anonymous>\")\n                        if line:\n                            file = f\"{file}:{line}\"\n                        meth = frame.get(\"methodName\", \"<anonymous>\")\n                        if \"className\" in frame:\n                            meth = f\"{frame['className']}.{meth}\"\n                        msg = \"    at %s (%s)\"\n                        msg = msg % (meth, file)\n                        stacktrace.append(msg)\n                except TypeError:\n                    pass\n        if exception_class == UnexpectedAlertPresentException:\n            alert_text = None\n            if \"data\" in value:\n                alert_text = value[\"data\"].get(\"text\")\n            elif \"alert\" in value:\n                alert_text = value[\"alert\"].get(\"text\")\n            raise exception_class(message, screen, stacktrace, alert_text)  # type: ignore[call-arg]  # mypy is not smart enough here\n>       raise exception_class(message, screen, stacktrace)\nE       selenium.common.exceptions.NoSuchElementException: Message: no such element: Unable to locate element: {\"method\":\"xpath\",\"selector\":\"//a[@href='#']//p[contains(text(),'Customers')]\"}\nE         (Session info: chrome=121.0.6167.140); For documentation on this error, please visit: https://www.selenium.dev/documentation/webdriver/troubleshooting/errors#no-such-element-exception\nE       Stacktrace:\nE       \tGetHandleVerifier [0x00007FF776115E42+3538674]\nE       \t(No symbol) [0x00007FF775D34C02]\nE       \t(No symbol) [0x00007FF775BE5AEB]\nE       \t(No symbol) [0x00007FF775C2BF4E]\nE       \t(No symbol) [0x00007FF775C2C0CC]\nE       \t(No symbol) [0x00007FF775C6E477]\nE       \t(No symbol) [0x00007FF775C4F0EF]\nE       \t(No symbol) [0x00007FF775C6BDE3]\nE       \t(No symbol) [0x00007FF775C4EE53]\nE       \t(No symbol) [0x00007FF775C1F514]\nE       \t(No symbol) [0x00007FF775C20631]\nE       \tGetHandleVerifier [0x00007FF776146CAD+3738973]\nE       \tGetHandleVerifier [0x00007FF77619C506+4089270]\nE       \tGetHandleVerifier [0x00007FF776194823+4057299]\nE       \tGetHandleVerifier [0x00007FF775E65C49+720121]\nE       \t(No symbol) [0x00007FF775D4126F]\nE       \t(No symbol) [0x00007FF775D3C304]\nE       \t(No symbol) [0x00007FF775D3C432]\nE       \t(No symbol) [0x00007FF775D2BD04]\nE       \tBaseThreadInitThunk [0x00007FFB3228257D+29]\nE       \tRtlUserThreadStart [0x00007FFB334EAA58+40]\n\nC:\\Users\\dell\\AppData\\Roaming\\Python\\Python311\\site-packages\\selenium\\webdriver\\remote\\errorhandler.py:229: NoSuchElementException"}, "attachments": [{"name": "log", "source": "ea3020b2-388f-4fd0-bb99-5dbe07d3389b-attachment.txt", "type": "text/plain"}], "start": 1707106643306, "stop": 1707106654093, "uuid": "8a400da3-10e9-46ee-bd48-0f9b9743c228", "historyId": "03ff2e775c1ca93e52e3aa183b4dbd7d", "testCaseId": "03ff2e775c1ca93e52e3aa183b4dbd7d", "fullName": "testCases.test_AddCustomer.Test_AddCutomerClass#test_AddCustomer", "labels": [{"name": "parentSuite", "value": "testCases"}, {"name": "suite", "value": "test_AddCustomer"}, {"name": "subSuite", "value": "Test_AddCutomerClass"}, {"name": "host", "value": "DESKTOP-UU0D5DC"}, {"name": "thread", "value": "33516-MainThread"}, {"name": "framework", "value": "pytest"}, {"name": "language", "value": "cpython3"}, {"name": "package", "value": "testCases.test_AddCustomer"}]}